{"/Users/noah/projects/UltmtApp/App.tsx": {"path":"/Users/noah/projects/UltmtApp/App.tsx","statementMap":{"0":{"start":{"line":31,"column":5},"end":{"line":55,"column":1}},"1":{"start":{"line":32,"column":23},"end":{"line":32,"column":50}},"2":{"start":{"line":33,"column":4},"end":{"line":54,"column":5}},"3":{"start":{"line":57,"column":12},"end":{"line":97,"column":1}},"4":{"start":{"line":58,"column":23},"end":{"line":58,"column":50}},"5":{"start":{"line":60,"column":28},"end":{"line":62,"column":5}},"6":{"start":{"line":64,"column":4},"end":{"line":96,"column":5}},"7":{"start":{"line":99,"column":15},"end":{"line":116,"column":2}}},"fnMap":{"0":{"name":"(anonymous_0)","decl":{"start":{"line":31,"column":5},"end":{"line":31,"column":6}},"loc":{"start":{"line":31,"column":30},"end":{"line":55,"column":1}},"line":31},"1":{"name":"(anonymous_1)","decl":{"start":{"line":57,"column":12},"end":{"line":57,"column":13}},"loc":{"start":{"line":57,"column":18},"end":{"line":97,"column":1}},"line":57}},"branchMap":{"0":{"loc":{"start":{"line":39,"column":31},"end":{"line":39,"column":71}},"type":"cond-expr","locations":[{"start":{"line":39,"column":44},"end":{"line":39,"column":56}},{"start":{"line":39,"column":59},"end":{"line":39,"column":71}}],"line":39},"1":{"loc":{"start":{"line":48,"column":31},"end":{"line":48,"column":70}},"type":"cond-expr","locations":[{"start":{"line":48,"column":44},"end":{"line":48,"column":56}},{"start":{"line":48,"column":59},"end":{"line":48,"column":70}}],"line":48},"2":{"loc":{"start":{"line":61,"column":25},"end":{"line":61,"column":68}},"type":"cond-expr","locations":[{"start":{"line":61,"column":38},"end":{"line":61,"column":51}},{"start":{"line":61,"column":54},"end":{"line":61,"column":68}}],"line":61},"3":{"loc":{"start":{"line":67,"column":26},"end":{"line":67,"column":71}},"type":"cond-expr","locations":[{"start":{"line":67,"column":39},"end":{"line":67,"column":54}},{"start":{"line":67,"column":57},"end":{"line":67,"column":71}}],"line":67},"4":{"loc":{"start":{"line":75,"column":41},"end":{"line":77,"column":42}},"type":"cond-expr","locations":[{"start":{"line":76,"column":30},"end":{"line":76,"column":42}},{"start":{"line":77,"column":30},"end":{"line":77,"column":42}}],"line":75}},"s":{"0":1,"1":4,"2":4,"3":1,"4":1,"5":1,"6":1,"7":1},"f":{"0":4,"1":1},"b":{"0":[0,4],"1":[0,4],"2":[0,1],"3":[0,1],"4":[0,1]},"_coverageSchema":"1a1c01bbd47fc00a2c39e90264f33305004495a9","hash":"5ee2b64e462c18772766d581b7c328ff0bfb0a7b"}
,"/Users/noah/projects/UltmtApp/src/components/ScreenTitle.tsx": {"path":"/Users/noah/projects/UltmtApp/src/components/ScreenTitle.tsx","statementMap":{"0":{"start":{"line":6,"column":49},"end":{"line":21,"column":1}},"1":{"start":{"line":7,"column":18},"end":{"line":18,"column":6}},"2":{"start":{"line":20,"column":4},"end":{"line":20,"column":51}}},"fnMap":{"0":{"name":"(anonymous_0)","decl":{"start":{"line":6,"column":49},"end":{"line":6,"column":50}},"loc":{"start":{"line":6,"column":64},"end":{"line":21,"column":1}},"line":6}},"branchMap":{"0":{"loc":{"start":{"line":11,"column":16},"end":{"line":13,"column":45}},"type":"cond-expr","locations":[{"start":{"line":12,"column":22},"end":{"line":12,"column":44}},{"start":{"line":13,"column":22},"end":{"line":13,"column":45}}],"line":11}},"s":{"0":1,"1":4,"2":4},"f":{"0":4},"b":{"0":[1,3]},"_coverageSchema":"1a1c01bbd47fc00a2c39e90264f33305004495a9","hash":"501525efa5c9b76496b8ff516f5f251753edac50"}
,"/Users/noah/projects/UltmtApp/src/theme/colors.ts": {"path":"/Users/noah/projects/UltmtApp/src/theme/colors.ts","statementMap":{"0":{"start":{"line":10,"column":41},"end":{"line":17,"column":1}},"1":{"start":{"line":19,"column":40},"end":{"line":26,"column":1}}},"fnMap":{},"branchMap":{},"s":{"0":1,"1":1},"f":{},"b":{},"_coverageSchema":"1a1c01bbd47fc00a2c39e90264f33305004495a9","hash":"40aa1efd09bab5b12a9ff13d3a05915d2b0f1ea2"}
,"/Users/noah/projects/UltmtApp/src/theme/fonts.ts": {"path":"/Users/noah/projects/UltmtApp/src/theme/fonts.ts","statementMap":{"0":{"start":{"line":3,"column":13},"end":{"line":7,"column":1}},"1":{"start":{"line":10,"column":15},"end":{"line":16,"column":1}}},"fnMap":{},"branchMap":{},"s":{"0":1,"1":1},"f":{},"b":{},"_coverageSchema":"1a1c01bbd47fc00a2c39e90264f33305004495a9","hash":"5df8873dbf807dd27c67e947b330f54ccc567846"}
,"/Users/noah/projects/UltmtApp/src/theme/metrics.ts": {"path":"/Users/noah/projects/UltmtApp/src/theme/metrics.ts","statementMap":{"0":{"start":{"line":3,"column":26},"end":{"line":3,"column":50}},"1":{"start":{"line":5,"column":16},"end":{"line":8,"column":1}}},"fnMap":{},"branchMap":{"0":{"loc":{"start":{"line":6,"column":17},"end":{"line":6,"column":48}},"type":"cond-expr","locations":[{"start":{"line":6,"column":34},"end":{"line":6,"column":39}},{"start":{"line":6,"column":42},"end":{"line":6,"column":48}}],"line":6},"1":{"loc":{"start":{"line":7,"column":17},"end":{"line":7,"column":48}},"type":"cond-expr","locations":[{"start":{"line":7,"column":34},"end":{"line":7,"column":40}},{"start":{"line":7,"column":43},"end":{"line":7,"column":48}}],"line":7}},"s":{"0":1,"1":1},"f":{},"b":{"0":[1,0],"1":[1,0]},"_coverageSchema":"1a1c01bbd47fc00a2c39e90264f33305004495a9","hash":"0acc86ba21ca14c1ddeec7b29a748b4fe0a811f8"}
}
