TN:
SF:App.tsx
FN:31,(anonymous_0)
FN:57,(anonymous_1)
FNF:2
FNH:2
FNDA:4,(anonymous_0)
FNDA:1,(anonymous_1)
DA:31,1
DA:32,4
DA:33,4
DA:57,1
DA:58,1
DA:60,1
DA:64,1
DA:99,1
LF:8
LH:8
BRDA:39,0,0,0
BRDA:39,0,1,4
BRDA:48,1,0,0
BRDA:48,1,1,4
BRDA:61,2,0,0
BRDA:61,2,1,1
BRDA:67,3,0,0
BRDA:67,3,1,1
BRDA:75,4,0,0
BRDA:75,4,1,1
BRF:10
BRH:5
end_of_record
TN:
SF:src/components/ScreenTitle.tsx
FN:6,(anonymous_0)
FNF:1
FNH:1
FNDA:4,(anonymous_0)
DA:6,1
DA:7,4
DA:20,4
LF:3
LH:3
BRDA:11,0,0,1
BRDA:11,0,1,3
BRF:2
BRH:2
end_of_record
TN:
SF:src/theme/colors.ts
FNF:0
FNH:0
DA:10,1
DA:19,1
LF:2
LH:2
BRF:0
BRH:0
end_of_record
TN:
SF:src/theme/fonts.ts
FNF:0
FNH:0
DA:3,1
DA:10,1
LF:2
LH:2
BRF:0
BRH:0
end_of_record
TN:
SF:src/theme/metrics.ts
FNF:0
FNH:0
DA:3,1
DA:5,1
LF:2
LH:2
BRDA:6,0,0,1
BRDA:6,0,1,0
BRDA:7,1,0,1
BRDA:7,1,1,0
BRF:4
BRH:2
end_of_record
